#
# A fatal error has been detected by the Java Runtime Environment:
#
#  Internal Error (javaCalls.cpp:62), pid=9072, tid=9864
#  guarantee(thread->is_Java_thread()) failed: crucial check - the VM thread cannot and must not escape to Java code
#
# JRE version: Java(TM) SE Runtime Environment (7.0_40-b43) (build 1.7.0_40-b43)
# Java VM: Java HotSpot(TM) Client VM (24.0-b56 mixed mode windows-x86 )
# Failed to write core dump. Minidumps are not enabled by default on client versions of Windows
#
# If you would like to submit a bug report, please visit:
#   http://bugreport.sun.com/bugreport/crash.jsp
#

---------------  T H R E A D  ---------------

Current thread (0x18644800):  VMThread [stack: 0x010d0000,0x01120000] [id=9864]

Stack: [0x010d0000,0x01120000],  sp=0x0111ef24,  free space=315k
Native frames: (J=compiled Java code, j=interpreted, Vv=VM code, C=native code)
V  [jvm.dll+0x18db91]
V  [jvm.dll+0x1878f5]
V  [jvm.dll+0x13e69e]
V  [jvm.dll+0x13ede2]
V  [jvm.dll+0x20283e]
V  [jvm.dll+0x13f1be]
V  [jvm.dll+0x18825f]
V  [jvm.dll+0x1885e4]
V  [jvm.dll+0x1887aa]
V  [jvm.dll+0x1887f6]
V  [jvm.dll+0x9b15e]
V  [jvm.dll+0x9b9e4]
V  [jvm.dll+0x9c729]
V  [jvm.dll+0x9d6bc]
V  [jvm.dll+0x9d852]
V  [jvm.dll+0x71eef]
V  [jvm.dll+0x72260]
V  [jvm.dll+0x725cc]
V  [jvm.dll+0x9df47]
V  [jvm.dll+0xb6fca]
V  [jvm.dll+0x16190f]
V  [jvm.dll+0x1106d5]
V  [jvm.dll+0x165e8b]
V  [jvm.dll+0x165291]
V  [jvm.dll+0x1656a7]
V  [jvm.dll+0x1658a2]
V  [jvm.dll+0x1a46d9]
C  [msvcr100.dll+0x5c6de]
C  [msvcr100.dll+0x5c788]
C  [kernel32.dll+0x1336a]
C  [ntdll.dll+0x39f72]
C  [ntdll.dll+0x39f45]

VM_Operation (0x18eaf35c): GetOrSetLocal, mode: safepoint, requested by thread 0x18688400


---------------  P R O C E S S  ---------------

Java Threads: ( => current thread )
  0x19e51800 JavaThread "DestroyJavaVM" [_thread_blocked, id=14004, stack(0x002a0000,0x002f0000)]
  0x19e51400 JavaThread "qtp3530988-36" [_thread_blocked, id=15384, stack(0x1b3a0000,0x1b3f0000)]
  0x19e50c00 JavaThread "qtp3530988-35" [_thread_blocked, id=2876, stack(0x1b0a0000,0x1b0f0000)]
  0x19e40400 JavaThread "qtp3530988-34" [_thread_blocked, id=16092, stack(0x1b040000,0x1b090000)]
  0x19e40000 JavaThread "qtp3530988-33" [_thread_blocked, id=7328, stack(0x1b1d0000,0x1b220000)]
  0x19e3f800 JavaThread "qtp3530988-32" [_thread_blocked, id=15636, stack(0x1ae20000,0x1ae70000)]
  0x19e3f000 JavaThread "qtp3530988-31" [_thread_blocked, id=14512, stack(0x1afe0000,0x1b030000)]
  0x19e3ec00 JavaThread "qtp3530988-30 Acceptor0 SocketConnector@0.0.0.0:8081" [_thread_in_native, id=15492, stack(0x1ad30000,0x1ad80000)]
  0x19e3e400 JavaThread "qtp3530988-29" [_thread_blocked, id=13284, stack(0x1aec0000,0x1af10000)]
  0x19e3e000 JavaThread "qtp25796308-28" [_thread_in_native, id=11816, stack(0x1ac20000,0x1ac70000)]
  0x19e3d800 JavaThread "qtp25796308-27" [_thread_in_native, id=12548, stack(0x1ada0000,0x1adf0000)]
  0x19e3d400 JavaThread "qtp25796308-26" [_thread_in_native, id=14992, stack(0x1ac80000,0x1acd0000)]
  0x19e3cc00 JavaThread "qtp25796308-25" [_thread_in_native, id=8616, stack(0x1a6f0000,0x1a740000)]
  0x19e3a400 JavaThread "qtp25796308-24" [_thread_in_native, id=14292, stack(0x1aa80000,0x1aad0000)]
  0x19e39c00 JavaThread "qtp25796308-23 - GET /users/690704027/candidates" [_thread_blocked, id=12380, stack(0x1aa10000,0x1aa60000)]
  0x19e39400 JavaThread "qtp25796308-22" [_thread_blocked, id=15136, stack(0x1a8b0000,0x1a900000)]
  0x19e39000 JavaThread "qtp25796308-21 Acceptor0 InstrumentedBlockingChannelConnector@0.0.0.0:8080" [_thread_in_native, id=14740, stack(0x1a850000,0x1a8a0000)]
  0x19e07400 JavaThread "async-request-log-dispatcher-1" daemon [_thread_blocked, id=10356, stack(0x1a740000,0x1a790000)]
  0x19b57800 JavaThread "MongoCleaner9990363" daemon [_thread_blocked, id=8764, stack(0x19160000,0x191b0000)]
  0x19ada400 JavaThread "MongoCleaner18629637" daemon [_thread_blocked, id=10744, stack(0x1a340000,0x1a390000)]
  0x19875800 JavaThread "metrics-meter-tick-thread-2" daemon [_thread_blocked, id=15836, stack(0x1a3a0000,0x1a3f0000)]
  0x199ddc00 JavaThread "metrics-meter-tick-thread-1" daemon [_thread_blocked, id=15476, stack(0x1a180000,0x1a1d0000)]
  0x1990cc00 JavaThread "async-log-appender-0" daemon [_thread_blocked, id=11356, stack(0x18bb0000,0x18c00000)]
  0x186a1000 JavaThread "Service Thread" daemon [_thread_blocked, id=9908, stack(0x19360000,0x193b0000)]
  0x186aec00 JavaThread "C1 CompilerThread0" daemon [_thread_blocked, id=15484, stack(0x19270000,0x192c0000)]
  0x18693400 JavaThread "JDWP Command Reader" daemon [_thread_in_native, id=16068, stack(0x19030000,0x19080000)]
  0x18692400 JavaThread "JDWP Event Helper Thread" daemon [_thread_blocked, id=4964, stack(0x190a0000,0x190f0000)]
  0x18688400 JavaThread "JDWP Transport Listener: dt_socket" daemon [_thread_blocked, id=11544, stack(0x18e60000,0x18eb0000)]
  0x18680c00 JavaThread "Attach Listener" daemon [_thread_blocked, id=15688, stack(0x18b10000,0x18b60000)]
  0x1867dc00 JavaThread "Signal Dispatcher" daemon [_thread_blocked, id=7924, stack(0x18840000,0x18890000)]
  0x1864d800 JavaThread "Finalizer" daemon [_thread_blocked, id=14416, stack(0x18980000,0x189d0000)]
  0x18647400 JavaThread "Reference Handler" daemon [_thread_blocked, id=10936, stack(0x18a90000,0x18ae0000)]

Other Threads:
=>0x18644800 VMThread [stack: 0x010d0000,0x01120000] [id=9864]
  0x186af400 WatcherThread [stack: 0x192c0000,0x19310000] [id=16036]

VM state:at safepoint (normal execution)

VM Mutex/Monitor currently owned by a thread:  ([mutex/lock_event])
[0x00f9ec68] Threads_lock - owner thread: 0x18644800

Heap
 def new generation   total 49664K, used 14508K [0x04630000, 0x07c10000, 0x09b80000)
  eden space 44160K,  21% used [0x04630000, 0x04f92930, 0x07150000)
  from space 5504K,  88% used [0x076b0000, 0x07b78930, 0x07c10000)
  to   space 5504K,   0% used [0x07150000, 0x07150000, 0x076b0000)
 tenured generation   total 110184K, used 66108K [0x09b80000, 0x1071a000, 0x14630000)
   the space 110184K,  59% used [0x09b80000, 0x0dc0f158, 0x0dc0f200, 0x1071a000)
 compacting perm gen  total 18432K, used 18223K [0x14630000, 0x15830000, 0x18630000)
   the space 18432K,  98% used [0x14630000, 0x157fbd28, 0x157fbe00, 0x15830000)
No shared spaces configured.

Card table byte_map: [0x01020000,0x010d0000] byte_map_base: 0x00ffce80

Polling page: 0x00190000

Code Cache  [0x02630000, 0x02910000, 0x04630000)
 total_blobs=1565 nmethods=1392 adapters=117 free_code_cache=29846Kb largest_free_block=30558848

Compilation events (10 events):
Event: 77.806 Thread 0x186aec00 1435             java.util.concurrent.ConcurrentHashMap$KeyIterator::next (8 bytes)
Event: 77.806 Thread 0x186aec00 nmethod 1435 0x0290aa08 code [0x0290ab10, 0x0290abac]
Event: 82.515 Thread 0x186aec00 1436             java.util.concurrent.locks.AbstractQueuedSynchronizer::isOnSyncQueue (33 bytes)
Event: 82.516 Thread 0x186aec00 nmethod 1436 0x0290ac48 code [0x0290ad50, 0x0290ae50]
Event: 83.914 Thread 0x186aec00 1437             java.util.concurrent.ThreadPoolExecutor::workerCountOf (5 bytes)
Event: 83.914 Thread 0x186aec00 nmethod 1437 0x0290af48 code [0x0290b040, 0x0290b0b0]
Event: 83.917 Thread 0x186aec00 1438             java.util.concurrent.locks.AbstractQueuedSynchronizer$Node::predecessor (19 bytes)
Event: 83.917 Thread 0x186aec00 nmethod 1438 0x0290b108 code [0x0290b210, 0x0290b30c]
Event: 83.952 Thread 0x186aec00 1439             java.util.concurrent.ScheduledThreadPoolExecutor::now (4 bytes)
Event: 83.952 Thread 0x186aec00 nmethod 1439 0x0290b3c8 code [0x0290b4c0, 0x0290b540]

GC Heap History (10 events):
Event: 12.163 GC heap before
{Heap before GC invocations=45 (full 4):
 def new generation   total 37248K, used 36451K [0x04630000, 0x06e90000, 0x09b80000)
  eden space 33152K, 100% used [0x04630000, 0x06690000, 0x06690000)
  from space 4096K,  80% used [0x06690000, 0x069c8c40, 0x06a90000)
  to   space 4096K,   0% used [0x06a90000, 0x06a90000, 0x06e90000)
 tenured generation   total 82624K, used 52832K [0x09b80000, 0x0ec30000, 0x14630000)
   the space 82624K,  63% used [0x09b80000, 0x0cf18300, 0x0cf18400, 0x0ec30000)
 compacting perm gen  total 14848K, used 14673K [0x14630000, 0x154b0000, 0x18630000)
   the space 14848K,  98% used [0x14630000, 0x15484650, 0x15484800, 0x154b0000)
No shared spaces configured.
Event: 12.220 GC heap after
Heap after GC invocations=46 (full 4):
 def new generation   total 37248K, used 4096K [0x04630000, 0x06e90000, 0x09b80000)
  eden space 33152K,   0% used [0x04630000, 0x04630000, 0x06690000)
  from space 4096K, 100% used [0x06a90000, 0x06e90000, 0x06e90000)
  to   space 4096K,   0% used [0x06690000, 0x06690000, 0x06a90000)
 tenured generation   total 82624K, used 56414K [0x09b80000, 0x0ec30000, 0x14630000)
   the space 82624K,  68% used [0x09b80000, 0x0d297bb8, 0x0d297c00, 0x0ec30000)
 compacting perm gen  total 14848K, used 14673K [0x14630000, 0x154b0000, 0x18630000)
   the space 14848K,  98% used [0x14630000, 0x15484650, 0x15484800, 0x154b0000)
No shared spaces configured.
}
Event: 13.588 GC heap before
{Heap before GC invocations=46 (full 4):
 def new generation   total 37248K, used 37248K [0x04630000, 0x06e90000, 0x09b80000)
  eden space 33152K, 100% used [0x04630000, 0x06690000, 0x06690000)
  from space 4096K, 100% used [0x06a90000, 0x06e90000, 0x06e90000)
  to   space 4096K,   0% used [0x06690000, 0x06690000, 0x06a90000)
 tenured generation   total 82624K, used 56414K [0x09b80000, 0x0ec30000, 0x14630000)
   the space 82624K,  68% used [0x09b80000, 0x0d297bb8, 0x0d297c00, 0x0ec30000)
 compacting perm gen  total 16896K, used 16663K [0x14630000, 0x156b0000, 0x18630000)
   the space 16896K,  98% used [0x14630000, 0x15675fc8, 0x15676000, 0x156b0000)
No shared spaces configured.
Event: 13.625 GC heap after
Heap after GC invocations=47 (full 4):
 def new generation   total 37248K, used 3326K [0x04630000, 0x06e90000, 0x09b80000)
  eden space 33152K,   0% used [0x04630000, 0x04630000, 0x06690000)
  from space 4096K,  81% used [0x06690000, 0x069cfa50, 0x06a90000)
  to   space 4096K,   0% used [0x06a90000, 0x06a90000, 0x06e90000)
 tenured generation   total 82624K, used 60508K [0x09b80000, 0x0ec30000, 0x14630000)
   the space 82624K,  73% used [0x09b80000, 0x0d6972a0, 0x0d697400, 0x0ec30000)
 compacting perm gen  total 16896K, used 16663K [0x14630000, 0x156b0000, 0x18630000)
   the space 16896K,  98% used [0x14630000, 0x15675fc8, 0x15676000, 0x156b0000)
No shared spaces configured.
}
Event: 17.223 GC heap before
{Heap before GC invocations=47 (full 4):
 def new generation   total 37248K, used 36478K [0x04630000, 0x06e90000, 0x09b80000)
  eden space 33152K, 100% used [0x04630000, 0x06690000, 0x06690000)
  from space 4096K,  81% used [0x06690000, 0x069cfa50, 0x06a90000)
  to   space 4096K,   0% used [0x06a90000, 0x06a90000, 0x06e90000)
 tenured generation   total 82624K, used 60508K [0x09b80000, 0x0ec30000, 0x14630000)
   the space 82624K,  73% used [0x09b80000, 0x0d6972a0, 0x0d697400, 0x0ec30000)
 compacting perm gen  total 18176K, used 18061K [0x14630000, 0x157f0000, 0x18630000)
   the space 18176K,  99% used [0x14630000, 0x157d3748, 0x157d3800, 0x157f0000)
No shared spaces configured.
Event: 17.249 GC heap after
Heap after GC invocations=48 (full 4):
 def new generation   total 37248K, used 2124K [0x04630000, 0x06e90000, 0x09b80000)
  eden space 33152K,   0% used [0x04630000, 0x04630000, 0x06690000)
  from space 4096K,  51% used [0x06a90000, 0x06ca30e0, 0x06e90000)
  to   space 4096K,   0% used [0x06690000, 0x06690000, 0x06a90000)
 tenured generation   total 82624K, used 61488K [0x09b80000, 0x0ec30000, 0x14630000)
   the space 82624K,  74% used [0x09b80000, 0x0d78c108, 0x0d78c200, 0x0ec30000)
 compacting perm gen  total 18176K, used 18061K [0x14630000, 0x157f0000, 0x18630000)
   the space 18176K,  99% used [0x14630000, 0x157d3748, 0x157d3800, 0x157f0000)
No shared spaces configured.
}
Event: 17.983 GC heap before
{Heap before GC invocations=48 (full 4):
 def new generation   total 37248K, used 35276K [0x04630000, 0x06e90000, 0x09b80000)
  eden space 33152K, 100% used [0x04630000, 0x06690000, 0x06690000)
  from space 4096K,  51% used [0x06a90000, 0x06ca30e0, 0x06e90000)
  to   space 4096K,   0% used [0x06690000, 0x06690000, 0x06a90000)
 tenured generation   total 82624K, used 61488K [0x09b80000, 0x0ec30000, 0x14630000)
   the space 82624K,  74% used [0x09b80000, 0x0d78c108, 0x0d78c200, 0x0ec30000)
 compacting perm gen  total 18432K, used 18203K [0x14630000, 0x15830000, 0x18630000)
   the space 18432K,  98% used [0x14630000, 0x157f6fe0, 0x157f7000, 0x15830000)
No shared spaces configured.
Event: 18.577 GC heap after
Heap after GC invocations=49 (full 5):
 def new generation   total 49664K, used 0K [0x04630000, 0x07c10000, 0x09b80000)
  eden space 44160K,   0% used [0x04630000, 0x04630000, 0x07150000)
  from space 5504K,   0% used [0x07150000, 0x07150000, 0x076b0000)
  to   space 5504K,   0% used [0x076b0000, 0x076b0000, 0x07c10000)
 tenured generation   total 110184K, used 66108K [0x09b80000, 0x1071a000, 0x14630000)
   the space 110184K,  59% used [0x09b80000, 0x0dc0f158, 0x0dc0f200, 0x1071a000)
 compacting perm gen  total 18432K, used 18203K [0x14630000, 0x15830000, 0x18630000)
   the space 18432K,  98% used [0x14630000, 0x157f6fe0, 0x157f7000, 0x15830000)
No shared spaces configured.
}
Event: 19.275 GC heap before
{Heap before GC invocations=49 (full 5):
 def new generation   total 49664K, used 44160K [0x04630000, 0x07c10000, 0x09b80000)
  eden space 44160K, 100% used [0x04630000, 0x07150000, 0x07150000)
  from space 5504K,   0% used [0x07150000, 0x07150000, 0x076b0000)
  to   space 5504K,   0% used [0x076b0000, 0x076b0000, 0x07c10000)
 tenured generation   total 110184K, used 66108K [0x09b80000, 0x1071a000, 0x14630000)
   the space 110184K,  59% used [0x09b80000, 0x0dc0f158, 0x0dc0f200, 0x1071a000)
 compacting perm gen  total 18432K, used 18203K [0x14630000, 0x15830000, 0x18630000)
   the space 18432K,  98% used [0x14630000, 0x157f6fe0, 0x157f7000, 0x15830000)
No shared spaces configured.
Event: 19.316 GC heap after
Heap after GC invocations=50 (full 5):
 def new generation   total 49664K, used 4898K [0x04630000, 0x07c10000, 0x09b80000)
  eden space 44160K,   0% used [0x04630000, 0x04630000, 0x07150000)
  from space 5504K,  88% used [0x076b0000, 0x07b78930, 0x07c10000)
  to   space 5504K,   0% used [0x07150000, 0x07150000, 0x076b0000)
 tenured generation   total 110184K, used 66108K [0x09b80000, 0x1071a000, 0x14630000)
   the space 110184K,  59% used [0x09b80000, 0x0dc0f158, 0x0dc0f200, 0x1071a000)
 compacting perm gen  total 18432K, used 18203K [0x14630000, 0x15830000, 0x18630000)
   the space 18432K,  98% used [0x14630000, 0x157f6fe0, 0x157f7000, 0x15830000)
No shared spaces configured.
}

Deoptimization events (0 events):
No events

Internal exceptions (10 events):
Event: 17.520 Thread 0x19e3d800 Threw 0x0487ecb0 at C:\jdk7u2_32P\jdk7u40\hotspot\src\share\vm\prims\jvm.cpp:1244
Event: 17.522 Thread 0x19e3d800 Threw 0x04886560 at C:\jdk7u2_32P\jdk7u40\hotspot\src\share\vm\prims\jvm.cpp:1244
Event: 17.575 Thread 0x19e3d800 Threw 0x0489acd8 at C:\jdk7u2_32P\jdk7u40\hotspot\src\share\vm\runtime\sharedRuntime.cpp:591
Event: 17.582 Thread 0x19e3d800 Threw 0x0489bf20 at C:\jdk7u2_32P\jdk7u40\hotspot\src\share\vm\prims\jvm.cpp:1244
Event: 17.584 Thread 0x19e3d800 Threw 0x048a2bd0 at C:\jdk7u2_32P\jdk7u40\hotspot\src\share\vm\prims\jvm.cpp:1244
Event: 17.585 Thread 0x19e3d800 Threw 0x048a9dc8 at C:\jdk7u2_32P\jdk7u40\hotspot\src\share\vm\prims\jvm.cpp:1244
Event: 17.594 Thread 0x19e3d800 Threw 0x049039b8 at C:\jdk7u2_32P\jdk7u40\hotspot\src\share\vm\runtime\sharedRuntime.cpp:591
Event: 19.701 Thread 0x19e39c00 Threw 0x04e1d800 at C:\jdk7u2_32P\jdk7u40\hotspot\src\share\vm\prims\jvm.cpp:1244
Event: 19.828 Thread 0x19e3d800 Threw 0x04eaca00 at C:\jdk7u2_32P\jdk7u40\hotspot\src\share\vm\prims\jvm.cpp:1244
Event: 19.835 Thread 0x19e3d800 Threw 0x04ecfd20 at C:\jdk7u2_32P\jdk7u40\hotspot\src\share\vm\prims\jvm.cpp:1244

Events (10 events):
Event: 88.292 Executing nested VM operation: Deoptimize
Event: 88.293 Executing nested VM operation: Deoptimize done
Event: 88.293 Executing VM operation: EnterInterpOnlyMode done
Event: 88.293 Executing VM operation: GetCurrentLocation
Event: 88.293 Executing VM operation: GetCurrentLocation done
Event: 88.293 Executing VM operation: ChangeSingleStep
Event: 88.293 Executing VM operation: ChangeSingleStep done
Event: 88.293 Executing VM operation: ChangeSingleStep
Event: 88.294 Executing VM operation: ChangeSingleStep done
Event: 88.400 Executing VM operation: GetOrSetLocal


Dynamic libraries:
0x01200000 - 0x0122f000 	C:\Program Files (x86)\Java\jdk1.7.0_40\bin\javaw.exe
0x77330000 - 0x774b0000 	C:\Windows\SysWOW64\ntdll.dll
0x76c60000 - 0x76d70000 	C:\Windows\syswow64\kernel32.dll
0x755e0000 - 0x75627000 	C:\Windows\syswow64\KERNELBASE.dll
0x75d50000 - 0x75df0000 	C:\Windows\syswow64\ADVAPI32.dll
0x750d0000 - 0x7517c000 	C:\Windows\syswow64\msvcrt.dll
0x74f70000 - 0x74f89000 	C:\Windows\SysWOW64\sechost.dll
0x758b0000 - 0x759a0000 	C:\Windows\syswow64\RPCRT4.dll
0x74d50000 - 0x74db0000 	C:\Windows\syswow64\SspiCli.dll
0x74d40000 - 0x74d4c000 	C:\Windows\syswow64\CRYPTBASE.dll
0x74fa0000 - 0x750a0000 	C:\Windows\syswow64\USER32.dll
0x74db0000 - 0x74e40000 	C:\Windows\syswow64\GDI32.dll
0x755b0000 - 0x755ba000 	C:\Windows\syswow64\LPK.dll
0x75bc0000 - 0x75c5d000 	C:\Windows\syswow64\USP10.dll
0x740b0000 - 0x7424e000 	C:\Windows\WinSxS\x86_microsoft.windows.common-controls_6595b64144ccf1df_6.0.7601.17514_none_41e6975e2bd6f2b2\COMCTL32.dll
0x74f10000 - 0x74f67000 	C:\Windows\syswow64\SHLWAPI.dll
0x75c60000 - 0x75cc0000 	C:\Windows\system32\IMM32.DLL
0x757d0000 - 0x7589c000 	C:\Windows\syswow64\MSCTF.dll
0x74270000 - 0x7427f000 	C:\Windows\system32\PGPMAPIH.DLL
0x74250000 - 0x74265000 	C:\Windows\system32\AMINIT32.DLL
0x705e0000 - 0x7069e000 	C:\Program Files (x86)\Java\jdk1.7.0_40\jre\bin\msvcr100.dll
0x5d870000 - 0x5dbf0000 	C:\Program Files (x86)\Java\jdk1.7.0_40\jre\bin\client\jvm.dll
0x72100000 - 0x72107000 	C:\Windows\system32\WSOCK32.dll
0x75630000 - 0x75665000 	C:\Windows\syswow64\WS2_32.dll
0x74f00000 - 0x74f06000 	C:\Windows\syswow64\NSI.dll
0x72e30000 - 0x72e62000 	C:\Windows\system32\WINMM.dll
0x759b0000 - 0x759b5000 	C:\Windows\syswow64\PSAPI.DLL
0x70750000 - 0x7075c000 	C:\Program Files (x86)\Java\jdk1.7.0_40\jre\bin\verify.dll
0x70730000 - 0x70750000 	C:\Program Files (x86)\Java\jdk1.7.0_40\jre\bin\java.dll
0x71880000 - 0x718aa000 	C:\Program Files (x86)\Java\jdk1.7.0_40\jre\bin\jdwp.dll
0x72d20000 - 0x72d27000 	C:\Program Files (x86)\Java\jdk1.7.0_40\jre\bin\npt.dll
0x70710000 - 0x70723000 	C:\Program Files (x86)\Java\jdk1.7.0_40\jre\bin\zip.dll
0x72d30000 - 0x72d38000 	C:\Program Files (x86)\Java\jdk1.7.0_40\jre\bin\dt_socket.dll
0x72570000 - 0x72580000 	C:\Windows\system32\NLAapi.dll
0x72560000 - 0x72570000 	C:\Windows\system32\napinsp.dll
0x72540000 - 0x72552000 	C:\Windows\system32\pnrpnsp.dll
0x73b00000 - 0x73b3c000 	C:\Windows\System32\mswsock.dll
0x73a90000 - 0x73ad4000 	C:\Windows\system32\DNSAPI.dll
0x72530000 - 0x72538000 	C:\Windows\System32\winrnr.dll
0x74520000 - 0x7453c000 	C:\Windows\system32\IPHLPAPI.DLL
0x74510000 - 0x74517000 	C:\Windows\system32\WINNSI.DLL
0x72080000 - 0x720b8000 	C:\Windows\System32\fwpuclnt.dll
0x73a50000 - 0x73a56000 	C:\Windows\system32\rasadhlp.dll
0x73b40000 - 0x73b52000 	C:\Windows\system32\PGPlsp.dll
0x73af0000 - 0x73af5000 	C:\Windows\System32\wshtcpip.dll
0x706f0000 - 0x70704000 	C:\Program Files (x86)\Java\jdk1.7.0_40\jre\bin\net.dll
0x73ae0000 - 0x73ae6000 	C:\Windows\System32\wship6.dll
0x706e0000 - 0x706ef000 	C:\Program Files (x86)\Java\jdk1.7.0_40\jre\bin\nio.dll
0x71870000 - 0x7187a000 	C:\Program Files (x86)\Java\jdk1.7.0_40\jre\bin\management.dll
0x72120000 - 0x72132000 	C:\Windows\system32\dhcpcsvc.DLL
0x72110000 - 0x7211d000 	C:\Windows\system32\dhcpcsvc6.DLL
0x74050000 - 0x74066000 	C:\Windows\system32\CRYPTSP.dll
0x74010000 - 0x7404b000 	C:\Windows\system32\rsaenh.dll
0x74420000 - 0x74437000 	C:\Windows\system32\USERENV.dll
0x74410000 - 0x7441b000 	C:\Windows\system32\profapi.dll
0x71f80000 - 0x7206b000 	C:\Windows\system32\dbghelp.dll

VM Arguments:
jvm_args: -agentlib:jdwp=transport=dt_socket,suspend=y,address=localhost:53611 -Dfile.encoding=Cp1252 
java_command: com.clickd.server.services.ApplicationService server src\main\resources\dropwizard\application.yaml
Launcher Type: SUN_STANDARD

Environment Variables:
PATH=C:\Program Files (x86)\Java\jdk1.7.0_40\jre\bin;C:\Windows\system32;C:\Windows;C:\Windows\System32\Wbem;C:\Windows\System32\WindowsPowerShell\v1.0\;C:\Program Files\Intel\WiFi\bin\;C:\Program Files\Common Files\Intel\WirelessCommon\;C:\Program Files (x86)\Intel\Services\IPT\;C:\Program Files (x86)\Lenovo\Access Connections\;C:\sandbox\tools\Git\cmd;C:\sandbox\tools\Git\bin;C:\Program Files\SlikSvn\bin;C:\Program Files (x86)\MySQL\MySQL Utilities 1.3.4\
USERNAME=Ralphm
OS=Windows_NT
PROCESSOR_IDENTIFIER=Intel64 Family 6 Model 42 Stepping 7, GenuineIntel



---------------  S Y S T E M  ---------------

OS: Windows 7 , 64 bit Build 7601 Service Pack 1

CPU:total 4 (2 cores per cpu, 2 threads per core) family 6 model 42 stepping 7, cmov, cx8, fxsr, mmx, sse, sse2, sse3, ssse3, sse4.1, sse4.2, popcnt, avx, aes, ht, tsc, tscinvbit

Memory: 4k page, physical 16657648k(7360628k free), swap 33313432k(21153248k free)

vm_info: Java HotSpot(TM) Client VM (24.0-b56) for windows-x86 JRE (1.7.0_40-b43), built on Aug 26 2013 22:34:40 by "java_re" with unknown MS VC++:1600

time: Mon Mar 10 11:08:08 2014
elapsed time: 88 seconds

